<?xml version="1.0" encoding="UTF-8"?>
<!-- Generated by org.testng.reporters.JUnitReportReporter -->
<testsuite hostname="DESKTOP-PT9CC6H" failures="0" tests="4" name="api.test.UserTests" time="10.152" errors="0" timestamp="2023-07-06T14:10:35 IST" skipped="0">
  <testcase classname="api.test.UserTests" name="testPostUser" time="4.800"/>
  <system-out/>
  <testcase classname="api.test.UserTests" name="testGetUserByName" time="1.374"/>
  <system-out/>
  <testcase classname="api.test.UserTests" name="tesUpdateUserByName" time="2.670"/>
  <system-out/>
  <testcase classname="api.test.UserTests" name="tesDeleteUserByName" time="1.308"/>
  <system-out/>
</testsuite> <!-- api.test.UserTests -->
