<?xml version="1.0" encoding="UTF-8"?>
<!-- Generated by org.testng.reporters.JUnitReportReporter -->
<testsuite hostname="DESKTOP-PT9CC6H" failures="0" tests="4" name="api.test.UserTests2" time="11.396" errors="0" timestamp="2023-07-07T13:40:06 IST" skipped="0">
  <testcase classname="api.test.UserTests2" name="testPostUser" time="5.408"/>
  <system-out/>
  <testcase classname="api.test.UserTests2" name="testGetUserByName" time="1.485"/>
  <system-out/>
  <testcase classname="api.test.UserTests2" name="tesUpdateUserByName" time="3.075"/>
  <system-out/>
  <testcase classname="api.test.UserTests2" name="tesDeleteUserByName" time="1.428"/>
  <system-out/>
</testsuite> <!-- api.test.UserTests2 -->
