<?xml version="1.0" encoding="UTF-8"?>
<!-- Generated by org.testng.reporters.JUnitReportReporter -->
<testsuite hostname="DESKTOP-PT9CC6H" failures="0" tests="6" name="api.test.DDTests" time="11.007" errors="0" timestamp="2023-07-06T09:09:36 IST" skipped="0">
  <testcase classname="api.test.DDTests" name="testPostUser" time="1.310"/>
  <system-out/>
  <testcase classname="api.test.DDTests" name="testPostUser" time="4.333"/>
  <system-out/>
  <testcase classname="api.test.DDTests" name="testPostUser" time="1.371"/>
  <system-out/>
  <testcase classname="api.test.DDTests" name="testDeleteUserByName" time="1.338"/>
  <system-out/>
  <testcase classname="api.test.DDTests" name="testDeleteUserByName" time="1.348"/>
  <system-out/>
  <testcase classname="api.test.DDTests" name="testDeleteUserByName" time="1.307"/>
  <system-out/>
</testsuite> <!-- api.test.DDTests -->
